<?xml version="1.0" encoding="UTF-8"?>
<!-- Generated by org.testng.reporters.JUnitReportReporter -->
<testsuite hostname="TYSS-Gali-Sai-Vasavi" failures="0" tests="1" name="practice.Amazon1" time="14.356" errors="0" timestamp="2023-12-16T17:08:11 IST" skipped="0">
  <testcase classname="practice.Amazon1" name="login" time="14.356"/>
  <system-out/>
</testsuite> <!-- practice.Amazon1 -->
