<?xml version="1.0" encoding="UTF-8"?>
<!-- Generated by org.testng.reporters.JUnitReportReporter -->
<testsuite hostname="TYSS-Gali-Sai-Vasavi" failures="0" tests="3" name="practice.DataProviders" time="18.312" errors="0" timestamp="2023-12-16T11:07:23 IST" skipped="0">
  <testcase classname="practice.DataProviders" name="login" time="8.511"/>
  <system-out/>
  <testcase classname="practice.DataProviders" name="login" time="5.051"/>
  <system-out/>
  <testcase classname="practice.DataProviders" name="login" time="4.750"/>
  <system-out/>
</testsuite> <!-- practice.DataProviders -->
