<?xml version="1.0" encoding="UTF-8"?>
<!-- Generated by org.testng.reporters.JUnitReportReporter -->
<testsuite hostname="TYSS-Gali-Sai-Vasavi" failures="0" tests="1" name="practice.facebook" time="11.462" errors="0" timestamp="2023-12-16T17:08:11 IST" skipped="0">
  <testcase classname="practice.facebook" name="login1" time="11.462"/>
  <system-out/>
</testsuite> <!-- practice.facebook -->
